# JRE version: OpenJDK Runtime Environment Temurin-17.0.13+11 (17.0.13+11) (build 17.0.13+11)
# Java VM: OpenJDK 64-Bit Server VM Temurin-17.0.13+11 (17.0.13+11, mixed mode, tiered, compressed oops, compressed class ptrs, parallel gc, windows-amd64)
GC Precious Log:
 CPUs: 12 total, 12 available
 Memory: 16332M
 Large Page Support: Disabled
 NUMA Support: Disabled
 Compressed Oops: Enabled (32-bit)
 Alignments: Space 512K, Generation 512K, Heap 2M
 Heap Min Capacity: 100M
 Heap Initial Capacity: 100M
 Heap Max Capacity: 1G
 Pre-touch: Disabled
 Parallel Workers: 10
Heap:
 PSYoungGen      total 24064K, used 23862K [0x00000000eab00000, 0x00000000eca00000, 0x0000000100000000)
  eden space 16896K, 100% used [0x00000000eab00000,0x00000000ebb80000,0x00000000ebb80000)
  from space 7168K, 97% used [0x00000000ec300000,0x00000000ec9cdb50,0x00000000eca00000)
  to   space 7168K, 0% used [0x00000000ebc00000,0x00000000ebc00000,0x00000000ec300000)
 ParOldGen       total 378368K, used 377643K [0x00000000c0000000, 0x00000000d7180000, 0x00000000eab00000)
  object space 378368K, 99% used [0x00000000c0000000,0x00000000d70cae98,0x00000000d7180000)
 Metaspace       used 66295K, committed 67456K, reserved 1114112K
  class space    used 6947K, committed 7488K, reserved 1048576K
GC Heap History (20 events):
Event: 28.918 GC heap after
{Heap after GC invocations=193 (full 10):
 PSYoungGen      total 14848K, used 4582K [0x00000000eab00000, 0x00000000ec180000, 0x0000000100000000)
  eden space 10240K, 0% used [0x00000000eab00000,0x00000000eab00000,0x00000000eb500000)
  from space 4608K, 99% used [0x00000000eb500000,0x00000000eb979a28,0x00000000eb980000)
  to   space 6144K, 0% used [0x00000000ebb80000,0x00000000ebb80000,0x00000000ec180000)
 ParOldGen       total 378368K, used 361184K [0x00000000c0000000, 0x00000000d7180000, 0x00000000eab00000)
  object space 378368K, 95% used [0x00000000c0000000,0x00000000d60b8180,0x00000000d7180000)
 Metaspace       used 65524K, committed 66752K, reserved 1114112K
  class space    used 6867K, committed 7424K, reserved 1048576K
}
Event: 28.960 GC heap before
{Heap before GC invocations=194 (full 10):
 PSYoungGen      total 14848K, used 14822K [0x00000000eab00000, 0x00000000ec180000, 0x0000000100000000)
  eden space 10240K, 100% used [0x00000000eab00000,0x00000000eb500000,0x00000000eb500000)
  from space 4608K, 99% used [0x00000000eb500000,0x00000000eb979a28,0x00000000eb980000)
  to   space 6144K, 0% used [0x00000000ebb80000,0x00000000ebb80000,0x00000000ec180000)
 ParOldGen       total 378368K, used 361184K [0x00000000c0000000, 0x00000000d7180000, 0x00000000eab00000)
  object space 378368K, 95% used [0x00000000c0000000,0x00000000d60b8180,0x00000000d7180000)
 Metaspace       used 65564K, committed 66752K, reserved 1114112K
  class space    used 6874K, committed 7424K, reserved 1048576K
}
Event: 28.963 GC heap after
{Heap after GC invocations=194 (full 10):
 PSYoungGen      total 15872K, used 4324K [0x00000000eab00000, 0x00000000ec000000, 0x0000000100000000)
  eden space 11264K, 0% used [0x00000000eab00000,0x00000000eab00000,0x00000000eb600000)
  from space 4608K, 93% used [0x00000000ebb80000,0x00000000ebfb9338,0x00000000ec000000)
  to   space 5120K, 0% used [0x00000000eb600000,0x00000000eb600000,0x00000000ebb00000)
 ParOldGen       total 378368K, used 363542K [0x00000000c0000000, 0x00000000d7180000, 0x00000000eab00000)
  object space 378368K, 96% used [0x00000000c0000000,0x00000000d6305838,0x00000000d7180000)
 Metaspace       used 65564K, committed 66752K, reserved 1114112K
  class space    used 6874K, committed 7424K, reserved 1048576K
}
Event: 28.993 GC heap before
{Heap before GC invocations=195 (full 10):
 PSYoungGen      total 15872K, used 15588K [0x00000000eab00000, 0x00000000ec000000, 0x0000000100000000)
  eden space 11264K, 100% used [0x00000000eab00000,0x00000000eb600000,0x00000000eb600000)
  from space 4608K, 93% used [0x00000000ebb80000,0x00000000ebfb9338,0x00000000ec000000)
  to   space 5120K, 0% used [0x00000000eb600000,0x00000000eb600000,0x00000000ebb00000)
 ParOldGen       total 378368K, used 363542K [0x00000000c0000000, 0x00000000d7180000, 0x00000000eab00000)
  object space 378368K, 96% used [0x00000000c0000000,0x00000000d6305838,0x00000000d7180000)
 Metaspace       used 65565K, committed 66752K, reserved 1114112K
  class space    used 6874K, committed 7424K, reserved 1048576K
}
Event: 28.996 GC heap after
{Heap after GC invocations=195 (full 10):
 PSYoungGen      total 16384K, used 5088K [0x00000000eab00000, 0x00000000ec480000, 0x0000000100000000)
  eden space 11264K, 0% used [0x00000000eab00000,0x00000000eab00000,0x00000000eb600000)
  from space 5120K, 99% used [0x00000000eb600000,0x00000000ebaf81e8,0x00000000ebb00000)
  to   space 6656K, 0% used [0x00000000ebe00000,0x00000000ebe00000,0x00000000ec480000)
 ParOldGen       total 378368K, used 364502K [0x00000000c0000000, 0x00000000d7180000, 0x00000000eab00000)
  object space 378368K, 96% used [0x00000000c0000000,0x00000000d63f5838,0x00000000d7180000)
 Metaspace       used 65565K, committed 66752K, reserved 1114112K
  class space    used 6874K, committed 7424K, reserved 1048576K
}
Event: 29.020 GC heap before
{Heap before GC invocations=196 (full 10):
 PSYoungGen      total 16384K, used 16352K [0x00000000eab00000, 0x00000000ec480000, 0x0000000100000000)
  eden space 11264K, 100% used [0x00000000eab00000,0x00000000eb600000,0x00000000eb600000)
  from space 5120K, 99% used [0x00000000eb600000,0x00000000ebaf81e8,0x00000000ebb00000)
  to   space 6656K, 0% used [0x00000000ebe00000,0x00000000ebe00000,0x00000000ec480000)
 ParOldGen       total 378368K, used 364502K [0x00000000c0000000, 0x00000000d7180000, 0x00000000eab00000)
  object space 378368K, 96% used [0x00000000c0000000,0x00000000d63f5838,0x00000000d7180000)
 Metaspace       used 65609K, committed 66816K, reserved 1114112K
  class space    used 6874K, committed 7424K, reserved 1048576K
}
Event: 29.025 GC heap after
{Heap after GC invocations=196 (full 10):
 PSYoungGen      total 17920K, used 4880K [0x00000000eab00000, 0x00000000ec300000, 0x0000000100000000)
  eden space 12800K, 0% used [0x00000000eab00000,0x00000000eab00000,0x00000000eb780000)
  from space 5120K, 95% used [0x00000000ebe00000,0x00000000ec2c4330,0x00000000ec300000)
  to   space 5632K, 0% used [0x00000000eb800000,0x00000000eb800000,0x00000000ebd80000)
 ParOldGen       total 378368K, used 366560K [0x00000000c0000000, 0x00000000d7180000, 0x00000000eab00000)
  object space 378368K, 96% used [0x00000000c0000000,0x00000000d65f82a0,0x00000000d7180000)
 Metaspace       used 65609K, committed 66816K, reserved 1114112K
  class space    used 6874K, committed 7424K, reserved 1048576K
}
Event: 29.054 GC heap before
{Heap before GC invocations=197 (full 10):
 PSYoungGen      total 17920K, used 17680K [0x00000000eab00000, 0x00000000ec300000, 0x0000000100000000)
  eden space 12800K, 100% used [0x00000000eab00000,0x00000000eb780000,0x00000000eb780000)
  from space 5120K, 95% used [0x00000000ebe00000,0x00000000ec2c4330,0x00000000ec300000)
  to   space 5632K, 0% used [0x00000000eb800000,0x00000000eb800000,0x00000000ebd80000)
 ParOldGen       total 378368K, used 366562K [0x00000000c0000000, 0x00000000d7180000, 0x00000000eab00000)
  object space 378368K, 96% used [0x00000000c0000000,0x00000000d65f8ab0,0x00000000d7180000)
 Metaspace       used 65714K, committed 66880K, reserved 1114112K
  class space    used 6888K, committed 7424K, reserved 1048576K
}
Event: 29.058 GC heap after
{Heap after GC invocations=197 (full 10):
 PSYoungGen      total 18432K, used 5602K [0x00000000eab00000, 0x00000000ec580000, 0x0000000100000000)
  eden space 12800K, 0% used [0x00000000eab00000,0x00000000eab00000,0x00000000eb780000)
  from space 5632K, 99% used [0x00000000eb800000,0x00000000ebd789a8,0x00000000ebd80000)
  to   space 7168K, 0% used [0x00000000ebe80000,0x00000000ebe80000,0x00000000ec580000)
 ParOldGen       total 378368K, used 367565K [0x00000000c0000000, 0x00000000d7180000, 0x00000000eab00000)
  object space 378368K, 97% used [0x00000000c0000000,0x00000000d66f3438,0x00000000d7180000)
 Metaspace       used 65714K, committed 66880K, reserved 1114112K
  class space    used 6888K, committed 7424K, reserved 1048576K
}
Event: 29.095 GC heap before
{Heap before GC invocations=198 (full 10):
 PSYoungGen      total 18432K, used 18402K [0x00000000eab00000, 0x00000000ec580000, 0x0000000100000000)
  eden space 12800K, 100% used [0x00000000eab00000,0x00000000eb780000,0x00000000eb780000)
  from space 5632K, 99% used [0x00000000eb800000,0x00000000ebd789a8,0x00000000ebd80000)
  to   space 7168K, 0% used [0x00000000ebe80000,0x00000000ebe80000,0x00000000ec580000)
 ParOldGen       total 378368K, used 367568K [0x00000000c0000000, 0x00000000d7180000, 0x00000000eab00000)
  object space 378368K, 97% used [0x00000000c0000000,0x00000000d66f4080,0x00000000d7180000)
 Metaspace       used 65780K, committed 66944K, reserved 1114112K
  class space    used 6896K, committed 7424K, reserved 1048576K
}
Event: 29.100 GC heap after
{Heap after GC invocations=198 (full 10):
 PSYoungGen      total 20480K, used 5329K [0x00000000eab00000, 0x00000000ec500000, 0x0000000100000000)
  eden space 13824K, 0% used [0x00000000eab00000,0x00000000eab00000,0x00000000eb880000)
  from space 6656K, 80% used [0x00000000ebe80000,0x00000000ec3b4740,0x00000000ec500000)
  to   space 6144K, 0% used [0x00000000eb880000,0x00000000eb880000,0x00000000ebe80000)
 ParOldGen       total 378368K, used 370148K [0x00000000c0000000, 0x00000000d7180000, 0x00000000eab00000)
  object space 378368K, 97% used [0x00000000c0000000,0x00000000d69790b8,0x00000000d7180000)
 Metaspace       used 65780K, committed 66944K, reserved 1114112K
  class space    used 6896K, committed 7424K, reserved 1048576K
}
Event: 29.144 GC heap before
{Heap before GC invocations=199 (full 10):
 PSYoungGen      total 20480K, used 19153K [0x00000000eab00000, 0x00000000ec500000, 0x0000000100000000)
  eden space 13824K, 100% used [0x00000000eab00000,0x00000000eb880000,0x00000000eb880000)
  from space 6656K, 80% used [0x00000000ebe80000,0x00000000ec3b4740,0x00000000ec500000)
  to   space 6144K, 0% used [0x00000000eb880000,0x00000000eb880000,0x00000000ebe80000)
 ParOldGen       total 378368K, used 370148K [0x00000000c0000000, 0x00000000d7180000, 0x00000000eab00000)
  object space 378368K, 97% used [0x00000000c0000000,0x00000000d69790b8,0x00000000d7180000)
 Metaspace       used 65813K, committed 66944K, reserved 1114112K
  class space    used 6897K, committed 7424K, reserved 1048576K
}
Event: 29.148 GC heap after
{Heap after GC invocations=199 (full 10):
 PSYoungGen      total 19968K, used 6141K [0x00000000eab00000, 0x00000000eca00000, 0x0000000100000000)
  eden space 13824K, 0% used [0x00000000eab00000,0x00000000eab00000,0x00000000eb880000)
  from space 6144K, 99% used [0x00000000eb880000,0x00000000ebe7f638,0x00000000ebe80000)
  to   space 8192K, 0% used [0x00000000ec200000,0x00000000ec200000,0x00000000eca00000)
 ParOldGen       total 378368K, used 371443K [0x00000000c0000000, 0x00000000d7180000, 0x00000000eab00000)
  object space 378368K, 98% used [0x00000000c0000000,0x00000000d6abcfb8,0x00000000d7180000)
 Metaspace       used 65813K, committed 66944K, reserved 1114112K
  class space    used 6897K, committed 7424K, reserved 1048576K
}
Event: 29.188 GC heap before
{Heap before GC invocations=200 (full 10):
 PSYoungGen      total 19968K, used 19965K [0x00000000eab00000, 0x00000000eca00000, 0x0000000100000000)
  eden space 13824K, 100% used [0x00000000eab00000,0x00000000eb880000,0x00000000eb880000)
  from space 6144K, 99% used [0x00000000eb880000,0x00000000ebe7f638,0x00000000ebe80000)
  to   space 8192K, 0% used [0x00000000ec200000,0x00000000ec200000,0x00000000eca00000)
 ParOldGen       total 378368K, used 371443K [0x00000000c0000000, 0x00000000d7180000, 0x00000000eab00000)
  object space 378368K, 98% used [0x00000000c0000000,0x00000000d6abcfb8,0x00000000d7180000)
 Metaspace       used 65825K, committed 67008K, reserved 1114112K
  class space    used 6897K, committed 7424K, reserved 1048576K
}
Event: 29.192 GC heap after
{Heap after GC invocations=200 (full 10):
 PSYoungGen      total 20992K, used 5237K [0x00000000eab00000, 0x00000000ec780000, 0x0000000100000000)
  eden space 15360K, 0% used [0x00000000eab00000,0x00000000eab00000,0x00000000eba00000)
  from space 5632K, 92% used [0x00000000ec200000,0x00000000ec71d530,0x00000000ec780000)
  to   space 6144K, 0% used [0x00000000ebb80000,0x00000000ebb80000,0x00000000ec180000)
 ParOldGen       total 378368K, used 374144K [0x00000000c0000000, 0x00000000d7180000, 0x00000000eab00000)
  object space 378368K, 98% used [0x00000000c0000000,0x00000000d6d602b0,0x00000000d7180000)
 Metaspace       used 65825K, committed 67008K, reserved 1114112K
  class space    used 6897K, committed 7424K, reserved 1048576K
}
Event: 29.235 GC heap before
{Heap before GC invocations=201 (full 10):
 PSYoungGen      total 20992K, used 20597K [0x00000000eab00000, 0x00000000ec780000, 0x0000000100000000)
  eden space 15360K, 100% used [0x00000000eab00000,0x00000000eba00000,0x00000000eba00000)
  from space 5632K, 92% used [0x00000000ec200000,0x00000000ec71d530,0x00000000ec780000)
  to   space 6144K, 0% used [0x00000000ebb80000,0x00000000ebb80000,0x00000000ec180000)
 ParOldGen       total 378368K, used 374144K [0x00000000c0000000, 0x00000000d7180000, 0x00000000eab00000)
  object space 378368K, 98% used [0x00000000c0000000,0x00000000d6d602b0,0x00000000d7180000)
 Metaspace       used 65927K, committed 67136K, reserved 1114112K
  class space    used 6908K, committed 7488K, reserved 1048576K
}
Event: 29.239 GC heap after
{Heap after GC invocations=201 (full 10):
 PSYoungGen      total 23040K, used 6117K [0x00000000eab00000, 0x00000000eca80000, 0x0000000100000000)
  eden space 16896K, 0% used [0x00000000eab00000,0x00000000eab00000,0x00000000ebb80000)
  from space 6144K, 99% used [0x00000000ebb80000,0x00000000ec179438,0x00000000ec180000)
  to   space 7680K, 0% used [0x00000000ec300000,0x00000000ec300000,0x00000000eca80000)
 ParOldGen       total 378368K, used 375095K [0x00000000c0000000, 0x00000000d7180000, 0x00000000eab00000)
  object space 378368K, 99% used [0x00000000c0000000,0x00000000d6e4de78,0x00000000d7180000)
 Metaspace       used 65927K, committed 67136K, reserved 1114112K
  class space    used 6908K, committed 7488K, reserved 1048576K
}
Event: 29.320 GC heap before
{Heap before GC invocations=202 (full 10):
 PSYoungGen      total 23040K, used 23010K [0x00000000eab00000, 0x00000000eca80000, 0x0000000100000000)
  eden space 16896K, 99% used [0x00000000eab00000,0x00000000ebb7f440,0x00000000ebb80000)
  from space 6144K, 99% used [0x00000000ebb80000,0x00000000ec179438,0x00000000ec180000)
  to   space 7680K, 0% used [0x00000000ec300000,0x00000000ec300000,0x00000000eca80000)
 ParOldGen       total 378368K, used 375102K [0x00000000c0000000, 0x00000000d7180000, 0x00000000eab00000)
  object space 378368K, 99% used [0x00000000c0000000,0x00000000d6e4fa88,0x00000000d7180000)
 Metaspace       used 65961K, committed 67136K, reserved 1114112K
  class space    used 6915K, committed 7488K, reserved 1048576K
}
Event: 29.325 GC heap after
{Heap after GC invocations=202 (full 10):
 PSYoungGen      total 24064K, used 6966K [0x00000000eab00000, 0x00000000eca00000, 0x0000000100000000)
  eden space 16896K, 0% used [0x00000000eab00000,0x00000000eab00000,0x00000000ebb80000)
  from space 7168K, 97% used [0x00000000ec300000,0x00000000ec9cdb50,0x00000000eca00000)
  to   space 7168K, 0% used [0x00000000ebc00000,0x00000000ebc00000,0x00000000ec300000)
 ParOldGen       total 378368K, used 377639K [0x00000000c0000000, 0x00000000d7180000, 0x00000000eab00000)
  object space 378368K, 99% used [0x00000000c0000000,0x00000000d70c9d70,0x00000000d7180000)
 Metaspace       used 65961K, committed 67136K, reserved 1114112K
  class space    used 6915K, committed 7488K, reserved 1048576K
}
Event: 29.373 GC heap before
{Heap before GC invocations=203 (full 11):
 PSYoungGen      total 24064K, used 23862K [0x00000000eab00000, 0x00000000eca00000, 0x0000000100000000)
  eden space 16896K, 100% used [0x00000000eab00000,0x00000000ebb80000,0x00000000ebb80000)
  from space 7168K, 97% used [0x00000000ec300000,0x00000000ec9cdb50,0x00000000eca00000)
  to   space 7168K, 0% used [0x00000000ebc00000,0x00000000ebc00000,0x00000000ec300000)
 ParOldGen       total 378368K, used 377643K [0x00000000c0000000, 0x00000000d7180000, 0x00000000eab00000)
  object space 378368K, 99% used [0x00000000c0000000,0x00000000d70cae98,0x00000000d7180000)
 Metaspace       used 66295K, committed 67456K, reserved 1114112K
  class space    used 6947K, committed 7488K, reserved 1048576K
}

